e:\frameworkproject\ct4019\framework\lib\x64\debug\framework.lib
e:\frameworkproject\ct4019\framework\obj\x64\debug\framework.pdb
e:\frameworkproject\ct4019\framework\obj\x64\debug\framework.idb
e:\frameworkproject\ct4019\framework\obj\x64\debug\application.obj
e:\frameworkproject\ct4019\framework\obj\x64\debug\font.obj
e:\frameworkproject\ct4019\framework\obj\x64\debug\fontmanager.obj
e:\frameworkproject\ct4019\framework\obj\x64\debug\input.obj
e:\frameworkproject\ct4019\framework\obj\x64\debug\sprite.obj
e:\frameworkproject\ct4019\framework\obj\x64\debug\spritemanager.obj
e:\frameworkproject\ct4019\framework\obj\x64\debug\texture.obj
e:\frameworkproject\ct4019\framework\obj\x64\debug\texturemanager.obj
e:\frameworkproject\ct4019\framework\obj\x64\debug\ugfw.obj
e:\frameworkproject\ct4019\framework\obj\x64\debug\gl_core_4_4.obj
e:\frameworkproject\ct4019\framework\lib\x64\debug\framework.pdb
e:\frameworkproject\ct4019\framework\obj\x64\debug\framework.tlog\cl.command.1.tlog
e:\frameworkproject\ct4019\framework\obj\x64\debug\framework.tlog\lib.command.1.tlog
e:\frameworkproject\ct4019\framework\obj\x64\debug\framework.tlog\cl.read.1.tlog
e:\frameworkproject\ct4019\framework\obj\x64\debug\framework.tlog\lib-link.read.1.tlog
e:\frameworkproject\ct4019\framework\obj\x64\debug\framework.tlog\lib-link.write.1.tlog
e:\frameworkproject\ct4019\framework\obj\x64\debug\framework.tlog\cl.write.1.tlog
