e:\frameworkproject\ct4019\populationzombies\obj\populationzombies.res
e:\frameworkproject\ct4019\populationzombies\build\populationzombies.exe
e:\frameworkproject\ct4019\populationzombies\build\populationzombies.ilk
e:\frameworkproject\ct4019\populationzombies\build\populationzombies.pdb
e:\frameworkproject\ct4019\populationzombies\obj\vc141.pdb
e:\frameworkproject\ct4019\populationzombies\obj\vc141.idb
e:\frameworkproject\ct4019\populationzombies\obj\collider.obj
e:\frameworkproject\ct4019\populationzombies\obj\gamemanager.obj
e:\frameworkproject\ct4019\populationzombies\obj\gameobject.obj
e:\frameworkproject\ct4019\populationzombies\obj\mouse.obj
e:\frameworkproject\ct4019\populationzombies\obj\pedleymath.obj
e:\frameworkproject\ct4019\populationzombies\obj\player.obj
e:\frameworkproject\ct4019\populationzombies\obj\playerbullet.obj
e:\frameworkproject\ct4019\populationzombies\obj\main.obj
e:\frameworkproject\ct4019\populationzombies\obj\vector2.obj
e:\frameworkproject\ct4019\populationzombies\obj\enemy.obj
e:\frameworkproject\ct4019\populationzombies\obj\pickup.obj
e:\frameworkproject\ct4019\populationzombies\obj\weapon.obj
e:\frameworkproject\ct4019\populationzombies\./build\populationzombies.exe
e:\frameworkproject\ct4019\populationzombies\obj\populati.a4c8b2c8.tlog\cl.command.1.tlog
e:\frameworkproject\ct4019\populationzombies\obj\populati.a4c8b2c8.tlog\link.command.1.tlog
e:\frameworkproject\ct4019\populationzombies\obj\populati.a4c8b2c8.tlog\rc.command.1.tlog
e:\frameworkproject\ct4019\populationzombies\obj\populati.a4c8b2c8.tlog\cl.read.1.tlog
e:\frameworkproject\ct4019\populationzombies\obj\populati.a4c8b2c8.tlog\link.read.1.tlog
e:\frameworkproject\ct4019\populationzombies\obj\populati.a4c8b2c8.tlog\rc.read.1.tlog
e:\frameworkproject\ct4019\populationzombies\obj\populati.a4c8b2c8.tlog\rc.write.1.tlog
e:\frameworkproject\ct4019\populationzombies\obj\populati.a4c8b2c8.tlog\link.write.1.tlog
e:\frameworkproject\ct4019\populationzombies\obj\populati.a4c8b2c8.tlog\cl.write.1.tlog
